<?xml version="1.0" encoding="UTF-8"?>
<!-- Generated by org.testng.reporters.JUnitReportReporter -->
<testsuite skipped="0" hostname="DESKTOP-2UNIBQB" name="allureReportes.WebingTest" tests="1" failures="0" timestamp="2021-09-12T23:34:57 CLST" time="0.145" errors="0">
  <testcase name="google" time="0.145" classname="allureReportes.WebingTest"/>
  <system-out/>
</testsuite> <!-- allureReportes.WebingTest -->
